\BOOKMARK [1][-]{section.1}{Introduction}{}% 1
\BOOKMARK [2][-]{subsection.1.1}{Idea}{section.1}% 2
\BOOKMARK [2][-]{subsection.1.2}{Requirements}{section.1}% 3
\BOOKMARK [3][-]{subsubsection.1.2.1}{Functional requirements}{subsection.1.2}% 4
\BOOKMARK [3][-]{subsubsection.1.2.2}{Non functional requirements}{subsection.1.2}% 5
\BOOKMARK [2][-]{subsection.1.3}{Assumptions}{section.1}% 6
\BOOKMARK [1][-]{section.2}{Design}{}% 7
\BOOKMARK [2][-]{subsection.2.1}{Framework}{section.2}% 8
\BOOKMARK [2][-]{subsection.2.2}{Architecture}{section.2}% 9
\BOOKMARK [3][-]{subsubsection.2.2.1}{Client}{subsection.2.2}% 10
\BOOKMARK [3][-]{subsubsection.2.2.2}{Authentication}{subsection.2.2}% 11
\BOOKMARK [3][-]{subsubsection.2.2.3}{Database and storage}{subsection.2.2}% 12
\BOOKMARK [3][-]{subsubsection.2.2.4}{weatherapi.com}{subsection.2.2}% 13
\BOOKMARK [3][-]{subsubsection.2.2.5}{Notification service}{subsection.2.2}% 14
\BOOKMARK [1][-]{section.3}{Implementation}{}% 15
\BOOKMARK [1][-]{section.4}{External Services and Libraries}{}% 16
\BOOKMARK [2][-]{subsection.4.1}{Firebase}{section.4}% 17
\BOOKMARK [2][-]{subsection.4.2}{weatherapi}{section.4}% 18
\BOOKMARK [2][-]{subsection.4.3}{ImagePicker}{section.4}% 19
\BOOKMARK [2][-]{subsection.4.4}{Location}{section.4}% 20
\BOOKMARK [1][-]{section.5}{Use Cases}{}% 21
\BOOKMARK [2][-]{subsection.5.1}{Sign up with google account}{section.5}% 22
\BOOKMARK [2][-]{subsection.5.2}{Sign up with facebook account}{section.5}% 23
\BOOKMARK [2][-]{subsection.5.3}{Login with a google account}{section.5}% 24
\BOOKMARK [2][-]{subsection.5.4}{Login with a facebook account}{section.5}% 25
\BOOKMARK [2][-]{subsection.5.5}{Adding of a new plant}{section.5}% 26
\BOOKMARK [2][-]{subsection.5.6}{Visualization of the details of a plant}{section.5}% 27
\BOOKMARK [2][-]{subsection.5.7}{"Watering" event}{section.5}% 28
\BOOKMARK [2][-]{subsection.5.8}{"Good plant" event}{section.5}% 29
\BOOKMARK [2][-]{subsection.5.9}{"Bad plant" event}{section.5}% 30
\BOOKMARK [2][-]{subsection.5.10}{Navigation to homepage}{section.5}% 31
\BOOKMARK [2][-]{subsection.5.11}{Set up visualization of notifications}{section.5}% 32
\BOOKMARK [2][-]{subsection.5.12}{Deletion of a plant}{section.5}% 33
\BOOKMARK [2][-]{subsection.5.13}{Logout}{section.5}% 34
\BOOKMARK [1][-]{section.6}{Sequence Diagrams}{}% 35
\BOOKMARK [2][-]{subsubsection.6.0.1}{Sign up with Google Account}{section.6}% 36
\BOOKMARK [3][-]{subsubsection.6.0.2}{Add a plant}{subsubsection.6.0.1}% 37
\BOOKMARK [3][-]{subsubsection.6.0.3}{Watering event}{subsubsection.6.0.1}% 38
\BOOKMARK [3][-]{subsubsection.6.0.4}{Delete a Plant}{subsubsection.6.0.1}% 39
\BOOKMARK [1][-]{section.7}{Software System Attributes}{}% 40
\BOOKMARK [2][-]{subsection.7.1}{Reliability and Availability}{section.7}% 41
\BOOKMARK [2][-]{subsection.7.2}{Security}{section.7}% 42
\BOOKMARK [2][-]{subsection.7.3}{Maintainability}{section.7}% 43
\BOOKMARK [2][-]{subsection.7.4}{Portability}{section.7}% 44
\BOOKMARK [1][-]{section.8}{Testing}{}% 45
\BOOKMARK [2][-]{subsection.8.1}{Appium}{section.8}% 46
\BOOKMARK [2][-]{subsection.8.2}{Detox}{section.8}% 47
\BOOKMARK [2][-]{subsection.8.3}{Unit tests}{section.8}% 48
\BOOKMARK [3][-]{subsubsection.8.3.1}{Jest}{subsection.8.3}% 49
\BOOKMARK [2][-]{subsection.8.4}{Test Cases}{section.8}% 50
\BOOKMARK [3][-]{subsubsection.8.4.1}{Sign In}{subsection.8.4}% 51
\BOOKMARK [3][-]{subsubsection.8.4.2}{Add a plant}{subsection.8.4}% 52
\BOOKMARK [3][-]{subsubsection.8.4.3}{Visualization of a plant}{subsection.8.4}% 53
\BOOKMARK [3][-]{subsubsection.8.4.4}{Deletion of a plant}{subsection.8.4}% 54
\BOOKMARK [3][-]{subsubsection.8.4.5}{Publication of a plant status}{subsection.8.4}% 55
