This is pdfTeX, Version 3.14159265-2.6-1.40.20 (TeX Live 2019/Debian) (preloaded format=pdflatex 2021.2.16)  19 JUN 2021 17:18
entering extended mode
 restricted \write18 enabled.
 %&-line parsing enabled.
**DIMA-plants.tex
(./DIMA-plants.tex
LaTeX2e <2020-02-02> patch level 2
L3 programming layer <2020-02-14>
(/usr/share/texlive/texmf-dist/tex/latex/base/article.cls
Document Class: article 2019/12/20 v1.4l Standard LaTeX document class
(/usr/share/texlive/texmf-dist/tex/latex/base/size10.clo
File: size10.clo 2019/12/20 v1.4l Standard LaTeX file (size option)
)
\c@part=\count167
\c@section=\count168
\c@subsection=\count169
\c@subsubsection=\count170
\c@paragraph=\count171
\c@subparagraph=\count172
\c@figure=\count173
\c@table=\count174
\abovecaptionskip=\skip47
\belowcaptionskip=\skip48
\bibindent=\dimen134
)
(/usr/share/texlive/texmf-dist/tex/latex/base/inputenc.sty
Package: inputenc 2018/08/11 v1.3c Input encoding file
\inpenc@prehook=\toks14
\inpenc@posthook=\toks15
)
(/usr/share/texlive/texmf-dist/tex/latex/amsmath/amsmath.sty
Package: amsmath 2020/01/20 v2.17e AMS math features
\@mathmargin=\skip49

For additional information on amsmath, use the `?' option.
(/usr/share/texlive/texmf-dist/tex/latex/amsmath/amstext.sty
Package: amstext 2000/06/29 v2.01 AMS text

(/usr/share/texlive/texmf-dist/tex/latex/amsmath/amsgen.sty
File: amsgen.sty 1999/11/30 v2.0 generic functions
\@emptytoks=\toks16
\ex@=\dimen135
))
(/usr/share/texlive/texmf-dist/tex/latex/amsmath/amsbsy.sty
Package: amsbsy 1999/11/29 v1.2d Bold Symbols
\pmbraise@=\dimen136
)
(/usr/share/texlive/texmf-dist/tex/latex/amsmath/amsopn.sty
Package: amsopn 2016/03/08 v2.02 operator names
)
\inf@bad=\count175
LaTeX Info: Redefining \frac on input line 227.
\uproot@=\count176
\leftroot@=\count177
LaTeX Info: Redefining \overline on input line 389.
\classnum@=\count178
\DOTSCASE@=\count179
LaTeX Info: Redefining \ldots on input line 486.
LaTeX Info: Redefining \dots on input line 489.
LaTeX Info: Redefining \cdots on input line 610.
\Mathstrutbox@=\box45
\strutbox@=\box46
\big@size=\dimen137
LaTeX Font Info:    Redeclaring font encoding OML on input line 733.
LaTeX Font Info:    Redeclaring font encoding OMS on input line 734.
\macc@depth=\count180
\c@MaxMatrixCols=\count181
\dotsspace@=\muskip16
\c@parentequation=\count182
\dspbrk@lvl=\count183
\tag@help=\toks17
\row@=\count184
\column@=\count185
\maxfields@=\count186
\andhelp@=\toks18
\eqnshift@=\dimen138
\alignsep@=\dimen139
\tagshift@=\dimen140
\tagwidth@=\dimen141
\totwidth@=\dimen142
\lineht@=\dimen143
\@envbody=\toks19
\multlinegap=\skip50
\multlinetaggap=\skip51
\mathdisplay@stack=\toks20
LaTeX Info: Redefining \[ on input line 2859.
LaTeX Info: Redefining \] on input line 2860.
)
(/usr/share/texlive/texmf-dist/tex/latex/amsfonts/amssymb.sty
Package: amssymb 2013/01/14 v3.01 AMS font symbols

(/usr/share/texlive/texmf-dist/tex/latex/amsfonts/amsfonts.sty
Package: amsfonts 2013/01/14 v3.01 Basic AMSFonts support
\symAMSa=\mathgroup4
\symAMSb=\mathgroup5
LaTeX Font Info:    Redeclaring math symbol \hbar on input line 98.
LaTeX Font Info:    Overwriting math alphabet `\mathfrak' in version `bold'
(Font)                  U/euf/m/n --> U/euf/b/n on input line 106.
))
(/usr/share/texlive/texmf-dist/tex/latex/listings/listings.sty
(/usr/share/texlive/texmf-dist/tex/latex/graphics/keyval.sty
Package: keyval 2014/10/28 v1.15 key=value parser (DPC)
\KV@toks@=\toks21
)
\lst@mode=\count187
\lst@gtempboxa=\box47
\lst@token=\toks22
\lst@length=\count188
\lst@currlwidth=\dimen144
\lst@column=\count189
\lst@pos=\count190
\lst@lostspace=\dimen145
\lst@width=\dimen146
\lst@newlines=\count191
\lst@lineno=\count192
\lst@maxwidth=\dimen147

(/usr/share/texlive/texmf-dist/tex/latex/listings/lstmisc.sty
File: lstmisc.sty 2019/09/10 1.8c (Carsten Heinz)
\c@lstnumber=\count193
\lst@skipnumbers=\count194
\lst@framebox=\box48
)
(/usr/share/texlive/texmf-dist/tex/latex/listings/listings.cfg
File: listings.cfg 2019/09/10 1.8c listings configuration
))
Package: listings 2019/09/10 1.8c (Carsten Heinz)

(/usr/share/texlive/texmf-dist/tex/latex/graphics/color.sty
Package: color 2019/11/23 v1.2a Standard LaTeX Color (DPC)

(/usr/share/texlive/texmf-dist/tex/latex/graphics-cfg/color.cfg
File: color.cfg 2016/01/02 v1.6 sample color configuration
)
Package color Info: Driver file: pdftex.def on input line 147.

(/usr/share/texlive/texmf-dist/tex/latex/graphics-def/pdftex.def
File: pdftex.def 2018/01/08 v1.0l Graphics/color driver for pdftex
))
(/usr/share/texlive/texmf-dist/tex/latex/graphics/graphicx.sty
Package: graphicx 2019/11/30 v1.2a Enhanced LaTeX Graphics (DPC,SPQR)

(/usr/share/texlive/texmf-dist/tex/latex/graphics/graphics.sty
Package: graphics 2019/11/30 v1.4a Standard LaTeX Graphics (DPC,SPQR)

(/usr/share/texlive/texmf-dist/tex/latex/graphics/trig.sty
Package: trig 2016/01/03 v1.10 sin cos tan (DPC)
)
(/usr/share/texlive/texmf-dist/tex/latex/graphics-cfg/graphics.cfg
File: graphics.cfg 2016/06/04 v1.11 sample graphics configuration
)
Package graphics Info: Driver file: pdftex.def on input line 105.
)
\Gin@req@height=\dimen148
\Gin@req@width=\dimen149
)
(/usr/share/texlive/texmf-dist/tex/latex/float/float.sty
Package: float 2001/11/08 v1.3d Float enhancements (AL)
\c@float@type=\count195
\float@exts=\toks23
\float@box=\box49
\@float@everytoks=\toks24
\@floatcapt=\box50
)
(/usr/share/texlive/texmf-dist/tex/latex/blindtext/blindtext.sty
Package: blindtext 2012/01/06 V2.0 blindtext-Package

(/usr/share/texlive/texmf-dist/tex/latex/tools/xspace.sty
Package: xspace 2014/10/28 v1.13 Space after command names (DPC,MH)
)
\c@blindtext=\count196
\c@Blindtext=\count197
\c@blind@countparstart=\count198
\blind@countxx=\count199
\blindtext@numBlindtext=\count266
\blind@countyy=\count267
\c@blindlist=\count268
\c@blindlistlevel=\count269
\c@blindlist@level=\count270
\blind@listitem=\count271
\c@blind@listcount=\count272
\c@blind@levelcount=\count273
\blind@mathformula=\count274
\blind@Mathformula=\count275
\c@blind@randomcount=\count276
\c@blind@randommax=\count277
\c@blind@pangramcount=\count278
\c@blind@pangrammax=\count279
)
(/usr/share/texlive/texmf-dist/tex/latex/tools/tabularx.sty
Package: tabularx 2020/01/15 v2.11c `tabularx' package (DPC)

(/usr/share/texlive/texmf-dist/tex/latex/tools/array.sty
Package: array 2019/08/31 v2.4l Tabular extension package (FMi)
\col@sep=\dimen150
\ar@mcellbox=\box51
\extrarowheight=\dimen151
\NC@list=\toks25
\extratabsurround=\skip52
\backup@length=\skip53
\ar@cellbox=\box52
)
\TX@col@width=\dimen152
\TX@old@table=\dimen153
\TX@old@col=\dimen154
\TX@target=\dimen155
\TX@delta=\dimen156
\TX@cols=\count280
\TX@ftn=\toks26
)
(/usr/share/texlive/texmf-dist/tex/latex/url/url.sty
\Urlmuskip=\muskip17
Package: url 2013/09/16  ver 3.4  Verb mode for urls, etc.
)
(/usr/share/texlive/texmf-dist/tex/latex/hyperref/hyperref.sty
Package: hyperref 2020/01/14 v7.00d Hypertext links for LaTeX

(/usr/share/texlive/texmf-dist/tex/generic/ltxcmds/ltxcmds.sty
Package: ltxcmds 2019/12/15 v1.24 LaTeX kernel commands for general use (HO)
)
(/usr/share/texlive/texmf-dist/tex/generic/iftex/iftex.sty
Package: iftex 2019/11/07 v1.0c TeX engine tests
)
(/usr/share/texlive/texmf-dist/tex/latex/pdftexcmds/pdftexcmds.sty
Package: pdftexcmds 2019/11/24 v0.31 Utility functions of pdfTeX for LuaTeX (HO
)

(/usr/share/texlive/texmf-dist/tex/generic/infwarerr/infwarerr.sty
Package: infwarerr 2019/12/03 v1.5 Providing info/warning/error messages (HO)
)
Package pdftexcmds Info: \pdf@primitive is available.
Package pdftexcmds Info: \pdf@ifprimitive is available.
Package pdftexcmds Info: \pdfdraftmode found.
)
(/usr/share/texlive/texmf-dist/tex/generic/kvsetkeys/kvsetkeys.sty
Package: kvsetkeys 2019/12/15 v1.18 Key value parser (HO)
)
(/usr/share/texlive/texmf-dist/tex/generic/kvdefinekeys/kvdefinekeys.sty
Package: kvdefinekeys 2019-12-19 v1.6 Define keys (HO)
)
(/usr/share/texlive/texmf-dist/tex/generic/pdfescape/pdfescape.sty
Package: pdfescape 2019/12/09 v1.15 Implements pdfTeX's escape features (HO)
)
(/usr/share/texlive/texmf-dist/tex/latex/hycolor/hycolor.sty
Package: hycolor 2020-01-27 v1.10 Color options for hyperref/bookmark (HO)
)
(/usr/share/texlive/texmf-dist/tex/latex/letltxmacro/letltxmacro.sty
Package: letltxmacro 2019/12/03 v1.6 Let assignment for LaTeX macros (HO)
)
(/usr/share/texlive/texmf-dist/tex/latex/auxhook/auxhook.sty
Package: auxhook 2019-12-17 v1.6 Hooks for auxiliary files (HO)
)
(/usr/share/texlive/texmf-dist/tex/latex/kvoptions/kvoptions.sty
Package: kvoptions 2019/11/29 v3.13 Key value format for package options (HO)
)
\@linkdim=\dimen157
\Hy@linkcounter=\count281
\Hy@pagecounter=\count282

(/usr/share/texlive/texmf-dist/tex/latex/hyperref/pd1enc.def
File: pd1enc.def 2020/01/14 v7.00d Hyperref: PDFDocEncoding definition (HO)
Now handling font encoding PD1 ...
... no UTF-8 mapping file for font encoding PD1
)
(/usr/share/texlive/texmf-dist/tex/generic/intcalc/intcalc.sty
Package: intcalc 2019/12/15 v1.3 Expandable calculations with integers (HO)
)
(/usr/share/texlive/texmf-dist/tex/generic/etexcmds/etexcmds.sty
Package: etexcmds 2019/12/15 v1.7 Avoid name clashes with e-TeX commands (HO)
)
\Hy@SavedSpaceFactor=\count283
\pdfmajorversion=\count284
Package hyperref Info: Hyper figures OFF on input line 4547.
Package hyperref Info: Link nesting OFF on input line 4552.
Package hyperref Info: Hyper index ON on input line 4555.
Package hyperref Info: Plain pages OFF on input line 4562.
Package hyperref Info: Backreferencing OFF on input line 4567.
Package hyperref Info: Implicit mode ON; LaTeX internals redefined.
Package hyperref Info: Bookmarks ON on input line 4800.
\c@Hy@tempcnt=\count285
LaTeX Info: Redefining \url on input line 5159.
\XeTeXLinkMargin=\dimen158

(/usr/share/texlive/texmf-dist/tex/generic/bitset/bitset.sty
Package: bitset 2019/12/09 v1.3 Handle bit-vector datatype (HO)

(/usr/share/texlive/texmf-dist/tex/generic/bigintcalc/bigintcalc.sty
Package: bigintcalc 2019/12/15 v1.5 Expandable calculations on big integers (HO
)
))
\Fld@menulength=\count286
\Field@Width=\dimen159
\Fld@charsize=\dimen160
Package hyperref Info: Hyper figures OFF on input line 6430.
Package hyperref Info: Link nesting OFF on input line 6435.
Package hyperref Info: Hyper index ON on input line 6438.
Package hyperref Info: backreferencing OFF on input line 6445.
Package hyperref Info: Link coloring OFF on input line 6450.
Package hyperref Info: Link coloring with OCG OFF on input line 6455.
Package hyperref Info: PDF/A mode OFF on input line 6460.
LaTeX Info: Redefining \ref on input line 6500.
LaTeX Info: Redefining \pageref on input line 6504.

(/usr/share/texlive/texmf-dist/tex/generic/atbegshi/atbegshi.sty
Package: atbegshi 2019/12/05 v1.19 At begin shipout hook (HO)
)
\Hy@abspage=\count287
\c@Item=\count288
\c@Hfootnote=\count289
)
Package hyperref Info: Driver (autodetected): hpdftex.

(/usr/share/texlive/texmf-dist/tex/latex/hyperref/hpdftex.def
File: hpdftex.def 2020/01/14 v7.00d Hyperref driver for pdfTeX

(/usr/share/texlive/texmf-dist/tex/latex/atveryend/atveryend.sty
Package: atveryend 2019-12-11 v1.11 Hooks at the very end of document (HO)
Package atveryend Info: \enddocument detected (standard20110627).
)
\Fld@listcount=\count290
\c@bookmark@seq@number=\count291

(/usr/share/texlive/texmf-dist/tex/latex/rerunfilecheck/rerunfilecheck.sty
Package: rerunfilecheck 2019/12/05 v1.9 Rerun checks for auxiliary files (HO)

(/usr/share/texlive/texmf-dist/tex/generic/uniquecounter/uniquecounter.sty
Package: uniquecounter 2019/12/15 v1.4 Provide unlimited unique counter (HO)
)
Package uniquecounter Info: New unique counter `rerunfilecheck' on input line 2
86.
)
\Hy@SectionHShift=\skip54
)
(/usr/share/texlive/texmf-dist/tex/latex/caption/caption.sty
Package: caption 2020/01/03 v3.4h Customizing captions (AR)

(/usr/share/texlive/texmf-dist/tex/latex/caption/caption3.sty
Package: caption3 2020/01/03 v1.8h caption3 kernel (AR)
Package caption3 Info: TeX engine: e-TeX on input line 61.
\captionmargin=\dimen161
\captionmargin@=\dimen162
\captionwidth=\dimen163
\caption@tempdima=\dimen164
\caption@indent=\dimen165
\caption@parindent=\dimen166
\caption@hangindent=\dimen167
Package caption Info: Standard document class detected.
)
\c@caption@flags=\count292
\c@continuedfloat=\count293
Package caption Info: float package is loaded.
Package caption Info: hyperref package is loaded.
Package caption Info: listings package is loaded.
)
(/usr/share/texlive/texmf-dist/tex/latex/caption/subcaption.sty
Package: subcaption 2020/01/22 v1.3d Sub-captions (AR)
\c@subfigure=\count294
\c@subtable=\count295
)
Package hyperref Info: Option `colorlinks' set `true' on input line 35.

(/usr/share/texlive/texmf-dist/tex/latex/xcolor/xcolor.sty
Package: xcolor 2016/05/11 v2.12 LaTeX color extensions (UK)

(/usr/share/texlive/texmf-dist/tex/latex/graphics-cfg/color.cfg
File: color.cfg 2016/01/02 v1.6 sample color configuration
)
Package xcolor Info: Driver file: pdftex.def on input line 225.
LaTeX Info: Redefining \color on input line 709.
Package xcolor Info: Model `cmy' substituted by `cmy0' on input line 1348.
Package xcolor Info: Model `hsb' substituted by `rgb' on input line 1352.
Package xcolor Info: Model `RGB' extended on input line 1364.
Package xcolor Info: Model `HTML' substituted by `rgb' on input line 1366.
Package xcolor Info: Model `Hsb' substituted by `hsb' on input line 1367.
Package xcolor Info: Model `tHsb' substituted by `hsb' on input line 1368.
Package xcolor Info: Model `HSB' substituted by `hsb' on input line 1369.
Package xcolor Info: Model `Gray' substituted by `gray' on input line 1370.
Package xcolor Info: Model `wave' substituted by `hsb' on input line 1371.
)
(/usr/share/texlive/texmf-dist/tex/latex/l3backend/l3backend-pdfmode.def
File: l3backend-pdfmode.def 2020-02-03 L3 backend support: PDF mode
\l__kernel_color_stack_int=\count296
\l__pdf_internal_box=\box53
)
(./DIMA-plants.aux)
\openout1 = `DIMA-plants.aux'.

LaTeX Font Info:    Checking defaults for OML/cmm/m/it on input line 90.
LaTeX Font Info:    ... okay on input line 90.
LaTeX Font Info:    Checking defaults for OMS/cmsy/m/n on input line 90.
LaTeX Font Info:    ... okay on input line 90.
LaTeX Font Info:    Checking defaults for OT1/cmr/m/n on input line 90.
LaTeX Font Info:    ... okay on input line 90.
LaTeX Font Info:    Checking defaults for T1/cmr/m/n on input line 90.
LaTeX Font Info:    ... okay on input line 90.
LaTeX Font Info:    Checking defaults for TS1/cmr/m/n on input line 90.
LaTeX Font Info:    ... okay on input line 90.
LaTeX Font Info:    Checking defaults for OMX/cmex/m/n on input line 90.
LaTeX Font Info:    ... okay on input line 90.
LaTeX Font Info:    Checking defaults for U/cmr/m/n on input line 90.
LaTeX Font Info:    ... okay on input line 90.
LaTeX Font Info:    Checking defaults for PD1/pdf/m/n on input line 90.
LaTeX Font Info:    ... okay on input line 90.
\c@lstlisting=\count297

(/usr/share/texlive/texmf-dist/tex/context/base/mkii/supp-pdf.mkii
[Loading MPS to PDF converter (version 2006.09.02).]
\scratchcounter=\count298
\scratchdimen=\dimen168
\scratchbox=\box54
\nofMPsegments=\count299
\nofMParguments=\count300
\everyMPshowfont=\toks27
\MPscratchCnt=\count301
\MPscratchDim=\dimen169
\MPnumerator=\count302
\makeMPintoPDFobject=\count303
\everyMPtoPDFconversion=\toks28
) (/usr/share/texlive/texmf-dist/tex/latex/epstopdf-pkg/epstopdf-base.sty
Package: epstopdf-base 2020-01-24 v2.11 Base part for package epstopdf
Package epstopdf-base Info: Redefining graphics rule for `.eps' on input line 4
85.

(/usr/share/texlive/texmf-dist/tex/latex/latexconfig/epstopdf-sys.cfg
File: epstopdf-sys.cfg 2010/07/13 v1.3 Configuration of (r)epstopdf for TeX Liv
e
))
\AtBeginShipoutBox=\box55
Package hyperref Info: Link coloring ON on input line 90.

(/usr/share/texlive/texmf-dist/tex/latex/hyperref/nameref.sty
Package: nameref 2019/09/16 v2.46 Cross-referencing by name of section

(/usr/share/texlive/texmf-dist/tex/latex/refcount/refcount.sty
Package: refcount 2019/12/15 v3.6 Data extraction from label references (HO)
)
(/usr/share/texlive/texmf-dist/tex/generic/gettitlestring/gettitlestring.sty
Package: gettitlestring 2019/12/15 v1.6 Cleanup title references (HO)
)
\c@section@level=\count304
)
LaTeX Info: Redefining \ref on input line 90.
LaTeX Info: Redefining \pageref on input line 90.
LaTeX Info: Redefining \nameref on input line 90.

(./DIMA-plants.out) (./DIMA-plants.out)
\@outlinefile=\write3
\openout3 = `DIMA-plants.out'.

Package caption Info: Begin \AtBeginDocument code.
Package caption Info: End \AtBeginDocument code.
<resources/logo_polimi.png, id=225, 748.7975pt x 566.115pt>
File: resources/logo_polimi.png Graphic file (type png)
<use resources/logo_polimi.png>
Package pdftex.def Info: resources/logo_polimi.png  used on input line 93.
(pdftex.def)             Requested size: 241.49895pt x 182.57716pt.
LaTeX Font Info:    Trying to load font information for U+msa on input line 96.


(/usr/share/texlive/texmf-dist/tex/latex/amsfonts/umsa.fd
File: umsa.fd 2013/01/14 v3.01 AMS symbols A
)
LaTeX Font Info:    Trying to load font information for U+msb on input line 96.


(/usr/share/texlive/texmf-dist/tex/latex/amsfonts/umsb.fd
File: umsb.fd 2013/01/14 v3.01 AMS symbols B
)

LaTeX Warning: No \author given.


Overfull \hbox (15.0pt too wide) in paragraph at lines 102--104
[][]
 []


Underfull \hbox (badness 10000) in paragraph at lines 102--104

 []

[1

{/var/lib/texmf/fonts/map/pdftex/updmap/pdftex.map} <./resources/logo_polimi.pn
g>] (./DIMA-plants.tocpdfTeX warning (ext4): destination with the same identifi
er (name{page.1}) has been already used, duplicate ignored
<to be read again> 
                   \relax 
l.41 ...lity and Availability}{28}{subsection.7.1}
                                                  % [1])
\tf@toc=\write4
\openout4 = `DIMA-plants.toc'.

 [2]
Underfull \hbox (badness 10000) in paragraph at lines 110--112

 []


Underfull \hbox (badness 10000) in paragraph at lines 114--118

 []


Underfull \hbox (badness 10000) in paragraph at lines 114--118

 []


Underfull \hbox (badness 10000) in paragraph at lines 114--118

 []

[3]
Underfull \hbox (badness 10000) in paragraph at lines 121--125

 []


Underfull \hbox (badness 10000) in paragraph at lines 121--125

 []


Underfull \hbox (badness 10000) in paragraph at lines 121--125

 []

[4] [5]
Underfull \hbox (badness 10000) in paragraph at lines 163--164

 []


Underfull \hbox (badness 10000) in paragraph at lines 163--164

 []


Underfull \hbox (badness 10000) in paragraph at lines 163--164

 []


Underfull \hbox (badness 10000) in paragraph at lines 166--168

 []


Underfull \hbox (badness 10000) in paragraph at lines 171--172

 []


Underfull \hbox (badness 10000) in paragraph at lines 171--172

 []

[6]
Underfull \hbox (badness 10000) in paragraph at lines 182--183

 []


Underfull \hbox (badness 10000) in paragraph at lines 185--186

 []


Underfull \hbox (badness 10000) in paragraph at lines 185--186

 []

[7]
Underfull \hbox (badness 10000) in paragraph at lines 198--199

 []


Underfull \hbox (badness 10000) in paragraph at lines 198--199

 []

[8]
LaTeX Font Info:    Font shape `OT1/cmtt/bx/n' in size <8> not available
(Font)              Font shape `OT1/cmtt/m/n' tried instead on input line 207.
 [9] [10]
Underfull \hbox (badness 10000) in paragraph at lines 287--308

 []


Underfull \hbox (badness 10000) in paragraph at lines 287--308

 []


Underfull \hbox (badness 10000) in paragraph at lines 287--308

 []


Underfull \hbox (badness 10000) in paragraph at lines 309--330

 []


Underfull \hbox (badness 10000) in paragraph at lines 309--330

 []


Underfull \hbox (badness 10000) in paragraph at lines 309--330

 []

[11]
Underfull \hbox (badness 10000) in paragraph at lines 331--350

 []


Underfull \hbox (badness 10000) in paragraph at lines 331--350

 []


Underfull \hbox (badness 10000) in paragraph at lines 331--350

 []

[12]
Underfull \hbox (badness 10000) in paragraph at lines 351--370

 []


Underfull \hbox (badness 10000) in paragraph at lines 351--370

 []


Underfull \hbox (badness 10000) in paragraph at lines 351--370

 []


Underfull \hbox (badness 10000) in paragraph at lines 371--401

 []


Underfull \hbox (badness 10000) in paragraph at lines 371--401

 []


Underfull \hbox (badness 10000) in paragraph at lines 371--401

 []

[13]
Underfull \hbox (badness 10000) in paragraph at lines 402--418

 []


Underfull \hbox (badness 10000) in paragraph at lines 402--418

 []


Underfull \hbox (badness 10000) in paragraph at lines 402--418

 []

[14]
Underfull \hbox (badness 10000) in paragraph at lines 419--435

 []


Underfull \hbox (badness 10000) in paragraph at lines 419--435

 []


Underfull \hbox (badness 10000) in paragraph at lines 419--435

 []


Underfull \hbox (badness 10000) in paragraph at lines 436--452

 []


Underfull \hbox (badness 10000) in paragraph at lines 436--452

 []


Underfull \hbox (badness 10000) in paragraph at lines 436--452

 []

[15]
Underfull \hbox (badness 10000) in paragraph at lines 453--469

 []


Underfull \hbox (badness 10000) in paragraph at lines 453--469

 []


Underfull \hbox (badness 10000) in paragraph at lines 453--469

 []


Underfull \hbox (badness 10000) in paragraph at lines 470--486

 []


Underfull \hbox (badness 10000) in paragraph at lines 470--486

 []


Underfull \hbox (badness 10000) in paragraph at lines 470--486

 []

[16]
Underfull \hbox (badness 10000) in paragraph at lines 487--504

 []


Underfull \hbox (badness 10000) in paragraph at lines 487--504

 []


Underfull \hbox (badness 10000) in paragraph at lines 487--504

 []


Underfull \hbox (badness 10000) in paragraph at lines 505--524

 []


Underfull \hbox (badness 10000) in paragraph at lines 505--524

 []


Underfull \hbox (badness 10000) in paragraph at lines 505--524

 []

[17] [18]

Package hyperref Warning: Difference (2) between bookmark levels is greater 
(hyperref)                than one, level fixed on input line 544.

<resources/SignUpGoogle.png, id=435, 928.46875pt x 1111.15125pt>
File: resources/SignUpGoogle.png Graphic file (type png)
<use resources/SignUpGoogle.png>
Package pdftex.def Info: resources/SignUpGoogle.png  used on input line 550.
(pdftex.def)             Requested size: 278.54277pt x 333.34795pt.

Underfull \hbox (badness 10000) in paragraph at lines 545--551

 []


Underfull \hbox (badness 10000) in paragraph at lines 545--551

 []

[19 <./resources/SignUpGoogle.png>]
<resources/addPlant.png, id=441, 1232.605pt x 1317.92375pt>
File: resources/addPlant.png Graphic file (type png)
<use resources/addPlant.png>
Package pdftex.def Info: resources/addPlant.png  used on input line 557.
(pdftex.def)             Requested size: 369.78435pt x 395.38017pt.

Underfull \hbox (badness 10000) in paragraph at lines 553--558

 []


Underfull \hbox (badness 10000) in paragraph at lines 553--558

 []


Overfull \hbox (24.78435pt too wide) in paragraph at lines 553--558
[] 
 []

[20 <./resources/addPlant.png>]
<resources/WateringEvent.png, id=447, 440.64626pt x 445.665pt>
File: resources/WateringEvent.png Graphic file (type png)
<use resources/WateringEvent.png>
Package pdftex.def Info: resources/WateringEvent.png  used on input line 565.
(pdftex.def)             Requested size: 176.25537pt x 178.26283pt.

Underfull \hbox (badness 10000) in paragraph at lines 560--566

 []


Underfull \hbox (badness 10000) in paragraph at lines 560--566

 []

[21 <./resources/WateringEvent.png>]
<resources/DeletePlant.png, id=453, 523.9575pt x 607.26875pt>
File: resources/DeletePlant.png Graphic file (type png)
<use resources/DeletePlant.png>
Package pdftex.def Info: resources/DeletePlant.png  used on input line 572.
(pdftex.def)             Requested size: 209.57928pt x 242.9032pt.

Underfull \hbox (badness 10000) in paragraph at lines 568--573

 []


Underfull \hbox (badness 10000) in paragraph at lines 568--573

 []

[22 <./resources/DeletePlant.png>]
Underfull \hbox (badness 10000) in paragraph at lines 577--579

 []

<resources/screens/login.PNG, id=459, 310.91156pt x 642.14906pt>
File: resources/screens/login.PNG Graphic file (type png)
<use resources/screens/login.PNG>
Package pdftex.def Info: resources/screens/login.PNG  used on input line 584.
(pdftex.def)             Requested size: 137.9979pt x 285.01566pt.
<resources/screens/Homescreen.PNG, id=460, 311.66437pt x 642.14906pt>
File: resources/screens/Homescreen.PNG Graphic file (type png)
<use resources/screens/Homescreen.PNG>
Package pdftex.def Info: resources/screens/Homescreen.PNG  used on input line 5
91.
(pdftex.def)             Requested size: 137.9979pt x 284.32976pt.
[23 <./resources/screens/login.PNG> <./resources/screens/Homescreen.PNG>]
<resources/screens/Details1.PNG, id=468, 310.91156pt x 643.6547pt>
File: resources/screens/Details1.PNG Graphic file (type png)
<use resources/screens/Details1.PNG>
Package pdftex.def Info: resources/screens/Details1.PNG  used on input line 602
.
(pdftex.def)             Requested size: 137.9979pt x 285.68393pt.
<resources/screens/Details_events_2.PNG, id=469, 311.66437pt x 642.14906pt>
File: resources/screens/Details_events_2.PNG Graphic file (type png)
<use resources/screens/Details_events_2.PNG>
Package pdftex.def Info: resources/screens/Details_events_2.PNG  used on input 
line 608.
(pdftex.def)             Requested size: 137.9979pt x 284.32976pt.

[24

 <./resources/screens/Details1.PNG> <./resources/screens/Details_events_2.PNG>]
<resources/screens/Profile.PNG, id=478, 311.66437pt x 643.6547pt>
File: resources/screens/Profile.PNG Graphic file (type png)
<use resources/screens/Profile.PNG>
Package pdftex.def Info: resources/screens/Profile.PNG  used on input line 618.

(pdftex.def)             Requested size: 137.9979pt x 284.99643pt.
 [25

 <./resources/screens/Profile.PNG>]
<resources/screens/AddPlant1.PNG, id=485, 310.91156pt x 642.90187pt>
File: resources/screens/AddPlant1.PNG Graphic file (type png)
<use resources/screens/AddPlant1.PNG>
Package pdftex.def Info: resources/screens/AddPlant1.PNG  used on input line 62
8.
(pdftex.def)             Requested size: 137.9979pt x 285.34978pt.
<resources/screens/AddPlant2.PNG, id=486, 311.66437pt x 641.39626pt>
File: resources/screens/AddPlant2.PNG Graphic file (type png)
<use resources/screens/AddPlant2.PNG>
Package pdftex.def Info: resources/screens/AddPlant2.PNG  used on input line 63
4.
(pdftex.def)             Requested size: 137.9979pt x 283.99643pt.
 [26

 <./resources/screens/AddPlant1.PNG> <./resources/screens/AddPlant2.PNG>]
<resources/screens/AddPlant3.PNG, id=494, 310.91156pt x 642.90187pt>
File: resources/screens/AddPlant3.PNG Graphic file (type png)
<use resources/screens/AddPlant3.PNG>
Package pdftex.def Info: resources/screens/AddPlant3.PNG  used on input line 64
4.
(pdftex.def)             Requested size: 137.9979pt x 285.34978pt.
<resources/screens/AddPlant4.PNG, id=495, 311.66437pt x 642.90187pt>
File: resources/screens/AddPlant4.PNG Graphic file (type png)
<use resources/screens/AddPlant4.PNG>
Package pdftex.def Info: resources/screens/AddPlant4.PNG  used on input line 65
0.
(pdftex.def)             Requested size: 137.9979pt x 284.66309pt.
 [27

 <./resources/screens/AddPlant3.PNG> <./resources/screens/AddPlant4.PNG>] [28

]
<resources/unittest.png, id=507, 280.04625pt x 106.3975pt>
File: resources/unittest.png Graphic file (type png)
<use resources/unittest.png>
Package pdftex.def Info: resources/unittest.png  used on input line 685.
(pdftex.def)             Requested size: 168.02904pt x 63.83897pt.
 [29]
Overfull \hbox (25.90907pt too wide) in paragraph at lines 693--706
 [] 
 []


Overfull \hbox (128.42313pt too wide) in paragraph at lines 710--725
 [] 
 []


Overfull \hbox (34.78403pt too wide) in paragraph at lines 729--741
 [] 
 []

[30 <./resources/unittest.png>]
Overfull \hbox (97.53412pt too wide) in paragraph at lines 761--773
 [] 
 []

Package atveryend Info: Empty hook `BeforeClearDocument' on input line 775.
[31]
Package atveryend Info: Empty hook `AfterLastShipout' on input line 775.
 (./DIMA-plants.aux)
Package atveryend Info: Executing hook `AtVeryEndDocument' on input line 775.
Package atveryend Info: Executing hook `AtEndAfterFileList' on input line 775.
Package rerunfilecheck Info: File `DIMA-plants.out' has not changed.
(rerunfilecheck)             Checksum: 295956F7F2E0024C01CAA7CFFC1EF782;3711.
Package atveryend Info: Empty hook `AtVeryVeryEnd' on input line 775.
 ) 
Here is how much of TeX's memory you used:
 10236 strings out of 483183
 151502 string characters out of 5966292
 522831 words of memory out of 5000000
 24917 multiletter control sequences out of 15000+600000
 541565 words of font info for 60 fonts, out of 8000000 for 9000
 14 hyphenation exceptions out of 8191
 41i,8n,42p,956b,1897s stack positions out of 5000i,500n,10000p,200000b,80000s
 </home/federico/.texlive2019/texmf-var/fonts/pk/ljfour/jknappen/ec/tcrm1000.
600pk></usr/share/texlive/texmf-dist/fonts/type1/public/amsfonts/cm/cmbx10.pfb>
</usr/share/texlive/texmf-dist/fonts/type1/public/amsfonts/cm/cmbx12.pfb></usr/
share/texlive/texmf-dist/fonts/type1/public/amsfonts/cm/cmr10.pfb></usr/share/t
exlive/texmf-dist/fonts/type1/public/amsfonts/cm/cmr12.pfb></usr/share/texlive/
texmf-dist/fonts/type1/public/amsfonts/cm/cmr17.pfb></usr/share/texlive/texmf-d
ist/fonts/type1/public/amsfonts/cm/cmr5.pfb></usr/share/texlive/texmf-dist/font
s/type1/public/amsfonts/cm/cmti10.pfb></usr/share/texlive/texmf-dist/fonts/type
1/public/amsfonts/cm/cmti12.pfb></usr/share/texlive/texmf-dist/fonts/type1/publ
ic/amsfonts/cm/cmtt8.pfb>
Output written on DIMA-plants.pdf (32 pages, 1812129 bytes).
PDF statistics:
 593 PDF objects out of 1000 (max. 8388607)
 513 compressed objects within 6 object streams
 154 named destinations out of 1000 (max. 500000)
 516 words of extra memory for PDF output out of 10000 (max. 10000000)

